<?xml version="1.0" encoding="UTF-8"?>
<testsuite xmlns:xsi="http://www.w3.org/2001/XMLSchema-instance" xsi:noNamespaceSchemaLocation="https://maven.apache.org/surefire/maven-surefire-plugin/xsd/surefire-test-report.xsd" name="com.springbootDemo.userinfo.UserInfoTest" time="0" tests="1" errors="1" skipped="0" failures="0">
  <properties>
    <property name="sun.desktop" value="windows"/>
    <property name="awt.toolkit" value="sun.awt.windows.WToolkit"/>
    <property name="file.encoding.pkg" value="sun.io"/>
    <property name="java.specification.version" value="1.8"/>
    <property name="sun.cpu.isalist" value="amd64"/>
    <property name="sun.jnu.encoding" value="GBK"/>
    <property name="java.class.path" value="D:\wuliuspase\springbootDemo\target\test-classes;D:\wuliuspase\springbootDemo\target\classes;F:\MVNcangku\junit\junit\4.11\junit-4.11.jar;F:\MVNcangku\org\hamcrest\hamcrest-core\1.3\hamcrest-core-1.3.jar;F:\MVNcangku\org\springframework\boot\spring-boot-starter-web\2.0.2.RELEASE\spring-boot-starter-web-2.0.2.RELEASE.jar;F:\MVNcangku\org\springframework\boot\spring-boot-starter\2.0.2.RELEASE\spring-boot-starter-2.0.2.RELEASE.jar;F:\MVNcangku\org\springframework\boot\spring-boot\2.0.2.RELEASE\spring-boot-2.0.2.RELEASE.jar;F:\MVNcangku\org\springframework\boot\spring-boot-starter-logging\2.0.2.RELEASE\spring-boot-starter-logging-2.0.2.RELEASE.jar;F:\MVNcangku\ch\qos\logback\logback-classic\1.2.3\logback-classic-1.2.3.jar;F:\MVNcangku\ch\qos\logback\logback-core\1.2.3\logback-core-1.2.3.jar;F:\MVNcangku\org\apache\logging\log4j\log4j-to-slf4j\2.10.0\log4j-to-slf4j-2.10.0.jar;F:\MVNcangku\org\apache\logging\log4j\log4j-api\2.10.0\log4j-api-2.10.0.jar;F:\MVNcangku\org\slf4j\jul-to-slf4j\1.7.25\jul-to-slf4j-1.7.25.jar;F:\MVNcangku\javax\annotation\javax.annotation-api\1.3.2\javax.annotation-api-1.3.2.jar;F:\MVNcangku\org\yaml\snakeyaml\1.19\snakeyaml-1.19.jar;F:\MVNcangku\org\springframework\boot\spring-boot-starter-json\2.0.2.RELEASE\spring-boot-starter-json-2.0.2.RELEASE.jar;F:\MVNcangku\com\fasterxml\jackson\core\jackson-databind\2.9.5\jackson-databind-2.9.5.jar;F:\MVNcangku\com\fasterxml\jackson\core\jackson-annotations\2.9.0\jackson-annotations-2.9.0.jar;F:\MVNcangku\com\fasterxml\jackson\core\jackson-core\2.9.5\jackson-core-2.9.5.jar;F:\MVNcangku\com\fasterxml\jackson\datatype\jackson-datatype-jdk8\2.9.5\jackson-datatype-jdk8-2.9.5.jar;F:\MVNcangku\com\fasterxml\jackson\datatype\jackson-datatype-jsr310\2.9.5\jackson-datatype-jsr310-2.9.5.jar;F:\MVNcangku\com\fasterxml\jackson\module\jackson-module-parameter-names\2.9.5\jackson-module-parameter-names-2.9.5.jar;F:\MVNcangku\org\springframework\boot\spring-boot-starter-tomcat\2.0.2.RELEASE\spring-boot-starter-tomcat-2.0.2.RELEASE.jar;F:\MVNcangku\org\apache\tomcat\embed\tomcat-embed-core\8.5.31\tomcat-embed-core-8.5.31.jar;F:\MVNcangku\org\apache\tomcat\embed\tomcat-embed-el\8.5.31\tomcat-embed-el-8.5.31.jar;F:\MVNcangku\org\apache\tomcat\embed\tomcat-embed-websocket\8.5.31\tomcat-embed-websocket-8.5.31.jar;F:\MVNcangku\org\hibernate\validator\hibernate-validator\6.0.9.Final\hibernate-validator-6.0.9.Final.jar;F:\MVNcangku\javax\validation\validation-api\2.0.1.Final\validation-api-2.0.1.Final.jar;F:\MVNcangku\org\jboss\logging\jboss-logging\3.3.2.Final\jboss-logging-3.3.2.Final.jar;F:\MVNcangku\com\fasterxml\classmate\1.3.4\classmate-1.3.4.jar;F:\MVNcangku\org\springframework\spring-web\5.0.6.RELEASE\spring-web-5.0.6.RELEASE.jar;F:\MVNcangku\org\springframework\spring-beans\5.0.6.RELEASE\spring-beans-5.0.6.RELEASE.jar;F:\MVNcangku\org\springframework\spring-webmvc\5.0.6.RELEASE\spring-webmvc-5.0.6.RELEASE.jar;F:\MVNcangku\org\springframework\spring-aop\5.0.6.RELEASE\spring-aop-5.0.6.RELEASE.jar;F:\MVNcangku\org\springframework\spring-context\5.0.6.RELEASE\spring-context-5.0.6.RELEASE.jar;F:\MVNcangku\org\springframework\spring-expression\5.0.6.RELEASE\spring-expression-5.0.6.RELEASE.jar;F:\MVNcangku\com\baomidou\mybatis-plus-boot-starter\3.1.0\mybatis-plus-boot-starter-3.1.0.jar;F:\MVNcangku\com\baomidou\mybatis-plus\3.1.0\mybatis-plus-3.1.0.jar;F:\MVNcangku\com\baomidou\mybatis-plus-extension\3.1.0\mybatis-plus-extension-3.1.0.jar;F:\MVNcangku\com\baomidou\mybatis-plus-core\3.1.0\mybatis-plus-core-3.1.0.jar;F:\MVNcangku\com\baomidou\mybatis-plus-annotation\3.1.0\mybatis-plus-annotation-3.1.0.jar;F:\MVNcangku\org\mybatis\mybatis\3.5.0\mybatis-3.5.0.jar;F:\MVNcangku\com\github\jsqlparser\jsqlparser\1.4\jsqlparser-1.4.jar;F:\MVNcangku\org\mybatis\mybatis-spring\2.0.0\mybatis-spring-2.0.0.jar;F:\MVNcangku\org\springframework\boot\spring-boot-autoconfigure\2.0.2.RELEASE\spring-boot-autoconfigure-2.0.2.RELEASE.jar;F:\MVNcangku\org\springframework\boot\spring-boot-starter-jdbc\2.0.2.RELEASE\spring-boot-starter-jdbc-2.0.2.RELEASE.jar;F:\MVNcangku\com\zaxxer\HikariCP\2.7.9\HikariCP-2.7.9.jar;F:\MVNcangku\org\springframework\spring-jdbc\5.0.6.RELEASE\spring-jdbc-5.0.6.RELEASE.jar;F:\MVNcangku\org\springframework\spring-tx\5.0.6.RELEASE\spring-tx-5.0.6.RELEASE.jar;F:\MVNcangku\com\alibaba\druid\1.0.28\druid-1.0.28.jar;C:\Program Files\Java\jdk1.8.0_161\jre\..\lib\jconsole.jar;C:\Program Files\Java\jdk1.8.0_161\jre\..\lib\tools.jar;F:\MVNcangku\mysql\mysql-connector-java\8.0.15\mysql-connector-java-8.0.15.jar;F:\MVNcangku\com\google\protobuf\protobuf-java\3.6.1\protobuf-java-3.6.1.jar;F:\MVNcangku\org\springframework\boot\spring-boot-starter-thymeleaf\2.0.2.RELEASE\spring-boot-starter-thymeleaf-2.0.2.RELEASE.jar;F:\MVNcangku\org\thymeleaf\thymeleaf-spring5\3.0.9.RELEASE\thymeleaf-spring5-3.0.9.RELEASE.jar;F:\MVNcangku\org\thymeleaf\thymeleaf\3.0.9.RELEASE\thymeleaf-3.0.9.RELEASE.jar;F:\MVNcangku\org\attoparser\attoparser\2.0.4.RELEASE\attoparser-2.0.4.RELEASE.jar;F:\MVNcangku\org\unbescape\unbescape\1.1.5.RELEASE\unbescape-1.1.5.RELEASE.jar;F:\MVNcangku\org\slf4j\slf4j-api\1.7.25\slf4j-api-1.7.25.jar;F:\MVNcangku\org\thymeleaf\extras\thymeleaf-extras-java8time\3.0.1.RELEASE\thymeleaf-extras-java8time-3.0.1.RELEASE.jar;F:\MVNcangku\org\webjars\jquery\3.3.1-2\jquery-3.3.1-2.jar;F:\MVNcangku\org\springframework\boot\spring-boot-starter-test\2.0.2.RELEASE\spring-boot-starter-test-2.0.2.RELEASE.jar;F:\MVNcangku\org\springframework\boot\spring-boot-test\2.0.2.RELEASE\spring-boot-test-2.0.2.RELEASE.jar;F:\MVNcangku\org\springframework\boot\spring-boot-test-autoconfigure\2.0.2.RELEASE\spring-boot-test-autoconfigure-2.0.2.RELEASE.jar;F:\MVNcangku\com\jayway\jsonpath\json-path\2.4.0\json-path-2.4.0.jar;F:\MVNcangku\net\minidev\json-smart\2.3\json-smart-2.3.jar;F:\MVNcangku\net\minidev\accessors-smart\1.2\accessors-smart-1.2.jar;F:\MVNcangku\org\ow2\asm\asm\5.0.4\asm-5.0.4.jar;F:\MVNcangku\org\assertj\assertj-core\3.9.1\assertj-core-3.9.1.jar;F:\MVNcangku\org\mockito\mockito-core\2.15.0\mockito-core-2.15.0.jar;F:\MVNcangku\net\bytebuddy\byte-buddy\1.7.11\byte-buddy-1.7.11.jar;F:\MVNcangku\net\bytebuddy\byte-buddy-agent\1.7.11\byte-buddy-agent-1.7.11.jar;F:\MVNcangku\org\objenesis\objenesis\2.6\objenesis-2.6.jar;F:\MVNcangku\org\hamcrest\hamcrest-library\1.3\hamcrest-library-1.3.jar;F:\MVNcangku\org\skyscreamer\jsonassert\1.5.0\jsonassert-1.5.0.jar;F:\MVNcangku\com\vaadin\external\google\android-json\0.0.20131108.vaadin1\android-json-0.0.20131108.vaadin1.jar;F:\MVNcangku\org\springframework\spring-core\5.0.6.RELEASE\spring-core-5.0.6.RELEASE.jar;F:\MVNcangku\org\springframework\spring-jcl\5.0.6.RELEASE\spring-jcl-5.0.6.RELEASE.jar;F:\MVNcangku\org\springframework\spring-test\5.0.6.RELEASE\spring-test-5.0.6.RELEASE.jar;F:\MVNcangku\org\xmlunit\xmlunit-core\2.5.1\xmlunit-core-2.5.1.jar;"/>
    <property name="java.vm.vendor" value="Oracle Corporation"/>
    <property name="sun.arch.data.model" value="64"/>
    <property name="user.variant" value=""/>
    <property name="java.vendor.url" value="http://java.oracle.com/"/>
    <property name="user.timezone" value="Asia/Shanghai"/>
    <property name="java.vm.specification.version" value="1.8"/>
    <property name="os.name" value="Windows 10"/>
    <property name="user.country" value="CN"/>
    <property name="sun.java.launcher" value="SUN_STANDARD"/>
    <property name="sun.boot.library.path" value="C:\Program Files\Java\jdk1.8.0_161\jre\bin"/>
    <property name="sun.java.command" value="C:\Users\msi\AppData\Local\Temp\surefire9039182070558697487\surefirebooter2330926803593677605.jar C:\Users\msi\AppData\Local\Temp\surefire9039182070558697487 2020-07-14T23-29-54_230-jvmRun1 surefire6987056692374360044tmp surefire_05030718112132841123tmp"/>
    <property name="surefire.test.class.path" value="D:\wuliuspase\springbootDemo\target\test-classes;D:\wuliuspase\springbootDemo\target\classes;F:\MVNcangku\junit\junit\4.11\junit-4.11.jar;F:\MVNcangku\org\hamcrest\hamcrest-core\1.3\hamcrest-core-1.3.jar;F:\MVNcangku\org\springframework\boot\spring-boot-starter-web\2.0.2.RELEASE\spring-boot-starter-web-2.0.2.RELEASE.jar;F:\MVNcangku\org\springframework\boot\spring-boot-starter\2.0.2.RELEASE\spring-boot-starter-2.0.2.RELEASE.jar;F:\MVNcangku\org\springframework\boot\spring-boot\2.0.2.RELEASE\spring-boot-2.0.2.RELEASE.jar;F:\MVNcangku\org\springframework\boot\spring-boot-starter-logging\2.0.2.RELEASE\spring-boot-starter-logging-2.0.2.RELEASE.jar;F:\MVNcangku\ch\qos\logback\logback-classic\1.2.3\logback-classic-1.2.3.jar;F:\MVNcangku\ch\qos\logback\logback-core\1.2.3\logback-core-1.2.3.jar;F:\MVNcangku\org\apache\logging\log4j\log4j-to-slf4j\2.10.0\log4j-to-slf4j-2.10.0.jar;F:\MVNcangku\org\apache\logging\log4j\log4j-api\2.10.0\log4j-api-2.10.0.jar;F:\MVNcangku\org\slf4j\jul-to-slf4j\1.7.25\jul-to-slf4j-1.7.25.jar;F:\MVNcangku\javax\annotation\javax.annotation-api\1.3.2\javax.annotation-api-1.3.2.jar;F:\MVNcangku\org\yaml\snakeyaml\1.19\snakeyaml-1.19.jar;F:\MVNcangku\org\springframework\boot\spring-boot-starter-json\2.0.2.RELEASE\spring-boot-starter-json-2.0.2.RELEASE.jar;F:\MVNcangku\com\fasterxml\jackson\core\jackson-databind\2.9.5\jackson-databind-2.9.5.jar;F:\MVNcangku\com\fasterxml\jackson\core\jackson-annotations\2.9.0\jackson-annotations-2.9.0.jar;F:\MVNcangku\com\fasterxml\jackson\core\jackson-core\2.9.5\jackson-core-2.9.5.jar;F:\MVNcangku\com\fasterxml\jackson\datatype\jackson-datatype-jdk8\2.9.5\jackson-datatype-jdk8-2.9.5.jar;F:\MVNcangku\com\fasterxml\jackson\datatype\jackson-datatype-jsr310\2.9.5\jackson-datatype-jsr310-2.9.5.jar;F:\MVNcangku\com\fasterxml\jackson\module\jackson-module-parameter-names\2.9.5\jackson-module-parameter-names-2.9.5.jar;F:\MVNcangku\org\springframework\boot\spring-boot-starter-tomcat\2.0.2.RELEASE\spring-boot-starter-tomcat-2.0.2.RELEASE.jar;F:\MVNcangku\org\apache\tomcat\embed\tomcat-embed-core\8.5.31\tomcat-embed-core-8.5.31.jar;F:\MVNcangku\org\apache\tomcat\embed\tomcat-embed-el\8.5.31\tomcat-embed-el-8.5.31.jar;F:\MVNcangku\org\apache\tomcat\embed\tomcat-embed-websocket\8.5.31\tomcat-embed-websocket-8.5.31.jar;F:\MVNcangku\org\hibernate\validator\hibernate-validator\6.0.9.Final\hibernate-validator-6.0.9.Final.jar;F:\MVNcangku\javax\validation\validation-api\2.0.1.Final\validation-api-2.0.1.Final.jar;F:\MVNcangku\org\jboss\logging\jboss-logging\3.3.2.Final\jboss-logging-3.3.2.Final.jar;F:\MVNcangku\com\fasterxml\classmate\1.3.4\classmate-1.3.4.jar;F:\MVNcangku\org\springframework\spring-web\5.0.6.RELEASE\spring-web-5.0.6.RELEASE.jar;F:\MVNcangku\org\springframework\spring-beans\5.0.6.RELEASE\spring-beans-5.0.6.RELEASE.jar;F:\MVNcangku\org\springframework\spring-webmvc\5.0.6.RELEASE\spring-webmvc-5.0.6.RELEASE.jar;F:\MVNcangku\org\springframework\spring-aop\5.0.6.RELEASE\spring-aop-5.0.6.RELEASE.jar;F:\MVNcangku\org\springframework\spring-context\5.0.6.RELEASE\spring-context-5.0.6.RELEASE.jar;F:\MVNcangku\org\springframework\spring-expression\5.0.6.RELEASE\spring-expression-5.0.6.RELEASE.jar;F:\MVNcangku\com\baomidou\mybatis-plus-boot-starter\3.1.0\mybatis-plus-boot-starter-3.1.0.jar;F:\MVNcangku\com\baomidou\mybatis-plus\3.1.0\mybatis-plus-3.1.0.jar;F:\MVNcangku\com\baomidou\mybatis-plus-extension\3.1.0\mybatis-plus-extension-3.1.0.jar;F:\MVNcangku\com\baomidou\mybatis-plus-core\3.1.0\mybatis-plus-core-3.1.0.jar;F:\MVNcangku\com\baomidou\mybatis-plus-annotation\3.1.0\mybatis-plus-annotation-3.1.0.jar;F:\MVNcangku\org\mybatis\mybatis\3.5.0\mybatis-3.5.0.jar;F:\MVNcangku\com\github\jsqlparser\jsqlparser\1.4\jsqlparser-1.4.jar;F:\MVNcangku\org\mybatis\mybatis-spring\2.0.0\mybatis-spring-2.0.0.jar;F:\MVNcangku\org\springframework\boot\spring-boot-autoconfigure\2.0.2.RELEASE\spring-boot-autoconfigure-2.0.2.RELEASE.jar;F:\MVNcangku\org\springframework\boot\spring-boot-starter-jdbc\2.0.2.RELEASE\spring-boot-starter-jdbc-2.0.2.RELEASE.jar;F:\MVNcangku\com\zaxxer\HikariCP\2.7.9\HikariCP-2.7.9.jar;F:\MVNcangku\org\springframework\spring-jdbc\5.0.6.RELEASE\spring-jdbc-5.0.6.RELEASE.jar;F:\MVNcangku\org\springframework\spring-tx\5.0.6.RELEASE\spring-tx-5.0.6.RELEASE.jar;F:\MVNcangku\com\alibaba\druid\1.0.28\druid-1.0.28.jar;C:\Program Files\Java\jdk1.8.0_161\jre\..\lib\jconsole.jar;C:\Program Files\Java\jdk1.8.0_161\jre\..\lib\tools.jar;F:\MVNcangku\mysql\mysql-connector-java\8.0.15\mysql-connector-java-8.0.15.jar;F:\MVNcangku\com\google\protobuf\protobuf-java\3.6.1\protobuf-java-3.6.1.jar;F:\MVNcangku\org\springframework\boot\spring-boot-starter-thymeleaf\2.0.2.RELEASE\spring-boot-starter-thymeleaf-2.0.2.RELEASE.jar;F:\MVNcangku\org\thymeleaf\thymeleaf-spring5\3.0.9.RELEASE\thymeleaf-spring5-3.0.9.RELEASE.jar;F:\MVNcangku\org\thymeleaf\thymeleaf\3.0.9.RELEASE\thymeleaf-3.0.9.RELEASE.jar;F:\MVNcangku\org\attoparser\attoparser\2.0.4.RELEASE\attoparser-2.0.4.RELEASE.jar;F:\MVNcangku\org\unbescape\unbescape\1.1.5.RELEASE\unbescape-1.1.5.RELEASE.jar;F:\MVNcangku\org\slf4j\slf4j-api\1.7.25\slf4j-api-1.7.25.jar;F:\MVNcangku\org\thymeleaf\extras\thymeleaf-extras-java8time\3.0.1.RELEASE\thymeleaf-extras-java8time-3.0.1.RELEASE.jar;F:\MVNcangku\org\webjars\jquery\3.3.1-2\jquery-3.3.1-2.jar;F:\MVNcangku\org\springframework\boot\spring-boot-starter-test\2.0.2.RELEASE\spring-boot-starter-test-2.0.2.RELEASE.jar;F:\MVNcangku\org\springframework\boot\spring-boot-test\2.0.2.RELEASE\spring-boot-test-2.0.2.RELEASE.jar;F:\MVNcangku\org\springframework\boot\spring-boot-test-autoconfigure\2.0.2.RELEASE\spring-boot-test-autoconfigure-2.0.2.RELEASE.jar;F:\MVNcangku\com\jayway\jsonpath\json-path\2.4.0\json-path-2.4.0.jar;F:\MVNcangku\net\minidev\json-smart\2.3\json-smart-2.3.jar;F:\MVNcangku\net\minidev\accessors-smart\1.2\accessors-smart-1.2.jar;F:\MVNcangku\org\ow2\asm\asm\5.0.4\asm-5.0.4.jar;F:\MVNcangku\org\assertj\assertj-core\3.9.1\assertj-core-3.9.1.jar;F:\MVNcangku\org\mockito\mockito-core\2.15.0\mockito-core-2.15.0.jar;F:\MVNcangku\net\bytebuddy\byte-buddy\1.7.11\byte-buddy-1.7.11.jar;F:\MVNcangku\net\bytebuddy\byte-buddy-agent\1.7.11\byte-buddy-agent-1.7.11.jar;F:\MVNcangku\org\objenesis\objenesis\2.6\objenesis-2.6.jar;F:\MVNcangku\org\hamcrest\hamcrest-library\1.3\hamcrest-library-1.3.jar;F:\MVNcangku\org\skyscreamer\jsonassert\1.5.0\jsonassert-1.5.0.jar;F:\MVNcangku\com\vaadin\external\google\android-json\0.0.20131108.vaadin1\android-json-0.0.20131108.vaadin1.jar;F:\MVNcangku\org\springframework\spring-core\5.0.6.RELEASE\spring-core-5.0.6.RELEASE.jar;F:\MVNcangku\org\springframework\spring-jcl\5.0.6.RELEASE\spring-jcl-5.0.6.RELEASE.jar;F:\MVNcangku\org\springframework\spring-test\5.0.6.RELEASE\spring-test-5.0.6.RELEASE.jar;F:\MVNcangku\org\xmlunit\xmlunit-core\2.5.1\xmlunit-core-2.5.1.jar;"/>
    <property name="sun.cpu.endian" value="little"/>
    <property name="user.home" value="C:\Users\msi"/>
    <property name="user.language" value="zh"/>
    <property name="java.specification.vendor" value="Oracle Corporation"/>
    <property name="java.home" value="C:\Program Files\Java\jdk1.8.0_161\jre"/>
    <property name="basedir" value="D:\wuliuspase\springbootDemo"/>
    <property name="file.separator" value="\"/>
    <property name="line.separator" value="&#10;"/>
    <property name="java.vm.specification.vendor" value="Oracle Corporation"/>
    <property name="java.specification.name" value="Java Platform API Specification"/>
    <property name="java.awt.graphicsenv" value="sun.awt.Win32GraphicsEnvironment"/>
    <property name="surefire.real.class.path" value="C:\Users\msi\AppData\Local\Temp\surefire9039182070558697487\surefirebooter2330926803593677605.jar"/>
    <property name="sun.boot.class.path" value="C:\Program Files\Java\jdk1.8.0_161\jre\lib\resources.jar;C:\Program Files\Java\jdk1.8.0_161\jre\lib\rt.jar;C:\Program Files\Java\jdk1.8.0_161\jre\lib\sunrsasign.jar;C:\Program Files\Java\jdk1.8.0_161\jre\lib\jsse.jar;C:\Program Files\Java\jdk1.8.0_161\jre\lib\jce.jar;C:\Program Files\Java\jdk1.8.0_161\jre\lib\charsets.jar;C:\Program Files\Java\jdk1.8.0_161\jre\lib\jfr.jar;C:\Program Files\Java\jdk1.8.0_161\jre\classes"/>
    <property name="user.script" value=""/>
    <property name="sun.management.compiler" value="HotSpot 64-Bit Tiered Compilers"/>
    <property name="java.runtime.version" value="1.8.0_161-b12"/>
    <property name="user.name" value="msi"/>
    <property name="path.separator" value=";"/>
    <property name="os.version" value="10.0"/>
    <property name="java.endorsed.dirs" value="C:\Program Files\Java\jdk1.8.0_161\jre\lib\endorsed"/>
    <property name="java.runtime.name" value="Java(TM) SE Runtime Environment"/>
    <property name="file.encoding" value="GBK"/>
    <property name="java.vm.name" value="Java HotSpot(TM) 64-Bit Server VM"/>
    <property name="localRepository" value="F:\MVNcangku"/>
    <property name="java.vendor.url.bug" value="http://bugreport.sun.com/bugreport/"/>
    <property name="java.io.tmpdir" value="C:\Users\msi\AppData\Local\Temp\"/>
    <property name="java.version" value="1.8.0_161"/>
    <property name="user.dir" value="D:\wuliuspase\springbootDemo"/>
    <property name="os.arch" value="amd64"/>
    <property name="java.vm.specification.name" value="Java Virtual Machine Specification"/>
    <property name="java.awt.printerjob" value="sun.awt.windows.WPrinterJob"/>
    <property name="sun.os.patch.level" value=""/>
    <property name="java.library.path" value="C:\Program Files\Java\jdk1.8.0_161\jre\bin;C:\WINDOWS\Sun\Java\bin;C:\WINDOWS\system32;C:\WINDOWS;C:/Program Files/Java/jdk1.8.0_161/bin/../jre/bin/server;C:/Program Files/Java/jdk1.8.0_161/bin/../jre/bin;C:/Program Files/Java/jdk1.8.0_161/bin/../jre/lib/amd64;F:\Oracle11\product\11.2.0\dbhome_1\bin;&quot;ice Toolkit\;D:\Program Files\feiq\Recv Files\apache-maven-3.5.3-bin\apache-maven-3.5.3\bin“C:\Program Files\Java\jdk1.8.0_161\bin;;:\Program Files\Java\jdk1.8.0_161\jre\bin;”，C:\ProgramData\Oracle\Java\javapath&quot;;INDOWS\system32;C:\WINDOWS;C:\WINDOWS\System32\Wbem;C:\WINDOWS\System32\WindowsPowerShell\v1.0\;C:\Program Files\Intel\WiFi\bin\;C:\Program Files\Common Files\Intel\WirelessCommon\;E:\软件\SVN\VisualSVNServer\bin;rogram Files\feiq\Recv Files\apache-maven-3.5.3-bin\apache-maven-3.5.3\bin;E:\软件\jwSVN\bin;rogram Files (x86)\NVIDIA Corporation\PhysX\Common;C:\WINDOWS\system32;C:\WINDOWS;C:\WINDOWS\System32\Wbem;C:\WINDOWS\System32\WindowsPowerShell\v1.0\;C:\WINDOWS\System32\OpenSSH\;C:\Users\msi\AppData\Local\Yarn\bin;&quot;.;C:\Program Files\Java\jdk1.8.0_161;&quot;;F:\mysql\mysql\mysql-8.0.18-winx64\bin;&quot;;E:\kafka\zookeeper\zookeeper-3.4.14\bin;&quot;;F:\培训入职\node;F:\培训入职\软件\gradle\gradle-6.5.1\bin;C:\Program Files\Intel\WiFi\bin\;C:\Program Files\Common Files\Intel\WirelessCommon\;C:\Users\msi\AppData\Local\Microsoft\WindowsApps;C:\Program Files\Java\jdk1.8.0_161\bin;C:\Program Files\Java\jdk1.8.0_161\jre\bin;C:\WINDOWS\system32;E:\juwei\apache-maven-3.3.3\bin;F:\培训入职\软件\gradle\gradle-6.5.1\bin;C:\Users\msi\AppData\Roaming\npm;%ORACLE_HOME%\bin;E:\软件\VScode\Microsoft VS Code\bin;E:\phantomjs-2.1.1-windows\bin;C:\Program Files\Bandizip\;E:\kafka\zookeeper\zookeeper-3.4.14\bin;F:\培训入职\软件\gradle\gradle-6.5.1\bin;;E:\juwei\eclipse-4.3\eclipse-4.3\eclipse;;."/>
    <property name="java.vm.info" value="mixed mode"/>
    <property name="java.vendor" value="Oracle Corporation"/>
    <property name="java.vm.version" value="25.161-b12"/>
    <property name="java.ext.dirs" value="C:\Program Files\Java\jdk1.8.0_161\jre\lib\ext;C:\WINDOWS\Sun\Java\lib\ext"/>
    <property name="sun.io.unicode.encoding" value="UnicodeLittle"/>
    <property name="java.class.version" value="52.0"/>
  </properties>
  <testcase name="initializationError" classname="com.springbootDemo.userinfo.UserInfoTest" time="0">
    <error message="Could not initialize class org.springframework.test.context.junit4.SpringRunner" type="java.lang.NoClassDefFoundError">java.lang.NoClassDefFoundError: Could not initialize class org.springframework.test.context.junit4.SpringRunner
</error>
  </testcase>
</testsuite>